[0;36m==> [1;39mCleaning…[m
[1;31m> [1;3;39mMaking clean in Tweak…[m
[0;36m==> [1;39mCleaning…[m
[1;31m> [1;3;39mMaking clean in Prefs…[m
[0;36m==> [1;39mCleaning…[m
[0;36m==> [1;36mNotice:[m Build may be slow as Theos isn’t using all available CPU cores on this computer. Consider upgrading GNU Make: https://theos.dev/docs/parallel-building
[1;31m> [1;3;39mMaking all in Tweak…[m
[0;36m==> [1;36mNotice:[m Build may be slow as Theos isn’t using all available CPU cores on this computer. Consider upgrading GNU Make: https://theos.dev/docs/parallel-building
[1;31m> [1;3;39mMaking all for tweak Docky…[m
[0;31m==> [1;39mPreprocessing Tweak.xm…[m
[0;32m==> [1;39mCompiling Tweak.xm (arm64)…[m
[0;33m==> [1;39mLinking tweak Docky (arm64)…[m
ld: warning: -multiply_defined is obsolete
[0;34m==> [1;39mGenerating debug symbols for Docky…[m
[0;34m==> [1;39mStripping Docky (arm64)…[m
[0;34m==> [1;39mSigning Docky…[m
[1;31m> [1;3;39mMaking all in Prefs…[m
[0;36m==> [1;36mNotice:[m Build may be slow as Theos isn’t using all available CPU cores on this computer. Consider upgrading GNU Make: https://theos.dev/docs/parallel-building
[1;31m> [1;3;39mMaking all for bundle DockyPrefs…[m
[0;35m==> [1;39mCopying resource directories into the bundle wrapper…[m
[0;32m==> [1;39mCompiling Preferences.m (arm64)…[m
[0;32m==> [1;39mCompiling AppearanceSettings.m (arm64)…[m
[0;33m==> [1;39mLinking bundle DockyPrefs (arm64)…[m
ld: warning: -multiply_defined is obsolete
ld: framework 'Preferences' not found
clang: [0;1;31merror: [0m[1mlinker command failed with exit code 1 (use -v to see invocation)[0m
make[4]: *** [/Users/runner/work/phonerepo/phonerepo/Docky/.theos/obj/arm64/DockyPrefs.bundle/DockyPrefs] Error 1
make[3]: *** [/Users/runner/work/phonerepo/phonerepo/Docky/.theos/obj/arm64/DockyPrefs.bundle/DockyPrefs] Error 2
make[2]: *** [internal-bundle-all_] Error 2
make[1]: *** [DockyPrefs.all.bundle.variables] Error 2
make: *** [internal-all] Error 2
